<?xml version="1.0" encoding="UTF-8"?>
<!-- Generated by org.testng.reporters.JUnitXMLReporter -->
<testsuite ignored="2" hostname="DESKTOP-D5EI5VL" failures="0" tests="0" time="0.016" errors="0" timestamp="2025-04-24T18:01:33 IST">
  <testcase classname="testCases.Ecommerce_TC_02" name="FillForm_PositiveFlow" time="0.0">
    <ignored/>
  </testcase> <!-- FillForm_PositiveFlow -->
  <testcase classname="testCases.Ecommerce_TC_02" name="FillForm_ErrorValidation" time="0.0">
    <ignored/>
  </testcase> <!-- FillForm_ErrorValidation -->
</testsuite>
