<?xml version="1.0" encoding="UTF-8"?>
<testng-results ignored="2" total="4" passed="2" failed="0" skipped="0">
  <reporter-output>
  </reporter-output>
  <suite started-at="2025-04-24T18:00:36 IST" name="Suite" finished-at="2025-04-24T18:01:33 IST" duration-ms="56964">
    <groups>
      <group name="Smoke">
        <method signature="EcommerceHybrid.FillForm(java.util.HashMap)[pri:0, instance:testCases.EcommerceHybrid@543295b0]" name="FillForm" class="testCases.EcommerceHybrid"/>
      </group> <!-- Smoke -->
    </groups>
    <test started-at="2025-04-24T18:00:36 IST" name="End to end Framework Test" finished-at="2025-04-24T18:01:31 IST" duration-ms="55191">
      <class name="testCases.EcommerceHybrid">
        <test-method is-config="true" signature="ConfigureAppium()[pri:0, instance:testCases.EcommerceHybrid@543295b0]" started-at="2025-04-24T18:00:36 IST" name="ConfigureAppium" finished-at="2025-04-24T18:00:47 IST" duration-ms="10719" status="PASS">
          <reporter-output>
          </reporter-output>
        </test-method> <!-- ConfigureAppium -->
        <test-method is-config="true" signature="preSetupClass()[pri:0, instance:testCases.EcommerceHybrid@543295b0]" started-at="2025-04-24T18:00:47 IST" name="preSetupClass" finished-at="2025-04-24T18:00:47 IST" duration-ms="10" status="PASS">
          <reporter-output>
          </reporter-output>
        </test-method> <!-- preSetupClass -->
        <test-method signature="FillForm(java.util.HashMap)[pri:0, instance:testCases.EcommerceHybrid@543295b0]" started-at="2025-04-24T18:00:47 IST" name="FillForm" data-provider="getData" finished-at="2025-04-24T18:01:07 IST" duration-ms="20103" status="PASS">
          <params>
            <param index="0">
              <value>
                <![CDATA[{gender=Male, name=vishal maurya, country=Argentina}]]>
              </value>
            </param>
          </params>
          <reporter-output>
          </reporter-output>
        </test-method> <!-- FillForm -->
        <test-method signature="FillForm(java.util.HashMap)[pri:0, instance:testCases.EcommerceHybrid@543295b0]" started-at="2025-04-24T18:01:09 IST" name="FillForm" data-provider="getData" finished-at="2025-04-24T18:01:29 IST" duration-ms="20615" status="PASS">
          <params>
            <param index="0">
              <value>
                <![CDATA[{gender=Male, name=mainak basu, country=Argentina}]]>
              </value>
            </param>
          </params>
          <reporter-output>
          </reporter-output>
        </test-method> <!-- FillForm -->
        <test-method is-config="true" signature="tearDown()[pri:0, instance:testCases.EcommerceHybrid@543295b0]" started-at="2025-04-24T18:01:29 IST" name="tearDown" finished-at="2025-04-24T18:01:31 IST" duration-ms="2011" status="PASS">
          <reporter-output>
          </reporter-output>
        </test-method> <!-- tearDown -->
      </class> <!-- testCases.EcommerceHybrid -->
    </test> <!-- End to end Framework Test -->
    <test started-at="2025-04-24T18:01:33 IST" name="Error Validations Test" finished-at="2025-04-24T18:01:33 IST" duration-ms="16">
    </test> <!-- Error Validations Test -->
  </suite> <!-- Suite -->
</testng-results>
